[debug] [2025-06-29T15:44:02.062Z] ----------------------------------------------------------------------
[debug] [2025-06-29T15:44:02.064Z] Command:       C:\Program Files\nodejs\node.exe C:\Users\PC\AppData\Roaming\npm\node_modules\firebase-tools\lib\bin\firebase.js deploy --only functions
[debug] [2025-06-29T15:44:02.064Z] CLI Version:   14.9.0
[debug] [2025-06-29T15:44:02.064Z] Platform:      win32
[debug] [2025-06-29T15:44:02.064Z] Node Version:  v22.17.0
[debug] [2025-06-29T15:44:02.064Z] Time:          Sun Jun 29 2025 22:44:02 GMT+0700 (Indochina Time)
[debug] [2025-06-29T15:44:02.064Z] ----------------------------------------------------------------------
[debug] 
[debug] [2025-06-29T15:44:02.202Z] > command requires scopes: ["email","openid","https://www.googleapis.com/auth/cloudplatformprojects.readonly","https://www.googleapis.com/auth/firebase","https://www.googleapis.com/auth/cloud-platform"]
[debug] [2025-06-29T15:44:02.202Z] > authorizing via signed-in user (duongnhathaopy@gmail.com)
[debug] [2025-06-29T15:44:02.202Z] [iam] checking project se114-e98e7 for permissions ["cloudfunctions.functions.create","cloudfunctions.functions.delete","cloudfunctions.functions.get","cloudfunctions.functions.list","cloudfunctions.functions.update","cloudfunctions.operations.get","firebase.projects.get"]
[debug] [2025-06-29T15:44:02.203Z] Checked if tokens are valid: true, expires at: 1751212907002
[debug] [2025-06-29T15:44:02.203Z] Checked if tokens are valid: true, expires at: 1751212907002
[debug] [2025-06-29T15:44:02.204Z] >>> [apiv2][query] POST https://cloudresourcemanager.googleapis.com/v1/projects/se114-e98e7:testIamPermissions [none]
[debug] [2025-06-29T15:44:02.204Z] >>> [apiv2][(partial)header] POST https://cloudresourcemanager.googleapis.com/v1/projects/se114-e98e7:testIamPermissions x-goog-quota-user=projects/se114-e98e7
[debug] [2025-06-29T15:44:02.204Z] >>> [apiv2][body] POST https://cloudresourcemanager.googleapis.com/v1/projects/se114-e98e7:testIamPermissions {"permissions":["cloudfunctions.functions.create","cloudfunctions.functions.delete","cloudfunctions.functions.get","cloudfunctions.functions.list","cloudfunctions.functions.update","cloudfunctions.operations.get","firebase.projects.get"]}
[debug] [2025-06-29T15:44:03.271Z] <<< [apiv2][status] POST https://cloudresourcemanager.googleapis.com/v1/projects/se114-e98e7:testIamPermissions 200
[debug] [2025-06-29T15:44:03.271Z] <<< [apiv2][body] POST https://cloudresourcemanager.googleapis.com/v1/projects/se114-e98e7:testIamPermissions {"permissions":["cloudfunctions.functions.create","cloudfunctions.functions.delete","cloudfunctions.functions.get","cloudfunctions.functions.list","cloudfunctions.functions.update","cloudfunctions.operations.get","firebase.projects.get"]}
[debug] [2025-06-29T15:44:03.271Z] Checked if tokens are valid: true, expires at: 1751212907002
[debug] [2025-06-29T15:44:03.271Z] Checked if tokens are valid: true, expires at: 1751212907002
[debug] [2025-06-29T15:44:03.271Z] >>> [apiv2][query] POST https://iam.googleapis.com/v1/projects/se114-e98e7/serviceAccounts/se114-e98e7@appspot.gserviceaccount.com:testIamPermissions [none]
[debug] [2025-06-29T15:44:03.271Z] >>> [apiv2][body] POST https://iam.googleapis.com/v1/projects/se114-e98e7/serviceAccounts/se114-e98e7@appspot.gserviceaccount.com:testIamPermissions {"permissions":["iam.serviceAccounts.actAs"]}
[debug] [2025-06-29T15:44:04.628Z] <<< [apiv2][status] POST https://iam.googleapis.com/v1/projects/se114-e98e7/serviceAccounts/se114-e98e7@appspot.gserviceaccount.com:testIamPermissions 200
[debug] [2025-06-29T15:44:04.628Z] <<< [apiv2][body] POST https://iam.googleapis.com/v1/projects/se114-e98e7/serviceAccounts/se114-e98e7@appspot.gserviceaccount.com:testIamPermissions {"permissions":["iam.serviceAccounts.actAs"]}
[info] 
[info] === Deploying to 'se114-e98e7'...
[info] 
[info] i  deploying functions 
[info] Running command: npm --prefix "$RESOURCE_DIR" run lint
[info] +  functions: Finished running predeploy script. 
[debug] [2025-06-29T15:44:05.338Z] Checked if tokens are valid: true, expires at: 1751212907002
[debug] [2025-06-29T15:44:05.338Z] Checked if tokens are valid: true, expires at: 1751212907002
[debug] [2025-06-29T15:44:05.338Z] >>> [apiv2][query] GET https://cloudresourcemanager.googleapis.com/v1/projects/se114-e98e7 [none]
[debug] [2025-06-29T15:44:05.602Z] <<< [apiv2][status] GET https://cloudresourcemanager.googleapis.com/v1/projects/se114-e98e7 200
[debug] [2025-06-29T15:44:05.602Z] <<< [apiv2][body] GET https://cloudresourcemanager.googleapis.com/v1/projects/se114-e98e7 {"projectNumber":"782177130275","projectId":"se114-e98e7","lifecycleState":"ACTIVE","name":"SE114","labels":{"firebase":"enabled","firebase-core":"disabled"},"createTime":"2025-06-29T05:47:50.749603Z"}
[info] i  functions: preparing codebase default for deployment 
[info] i  functions: ensuring required API cloudfunctions.googleapis.com is enabled... 
[info] i  functions: ensuring required API cloudbuild.googleapis.com is enabled... 
[info] i  artifactregistry: ensuring required API artifactregistry.googleapis.com is enabled... 
[debug] [2025-06-29T15:44:05.604Z] Checked if tokens are valid: true, expires at: 1751212907002
[debug] [2025-06-29T15:44:05.604Z] Checked if tokens are valid: true, expires at: 1751212907002
[debug] [2025-06-29T15:44:05.604Z] >>> [apiv2][query] GET https://firebase.googleapis.com/v1beta1/projects/se114-e98e7/adminSdkConfig [none]
[debug] [2025-06-29T15:44:06.606Z] <<< [apiv2][status] GET https://firebase.googleapis.com/v1beta1/projects/se114-e98e7/adminSdkConfig 200
[debug] [2025-06-29T15:44:06.606Z] <<< [apiv2][body] GET https://firebase.googleapis.com/v1beta1/projects/se114-e98e7/adminSdkConfig {"projectId":"se114-e98e7","storageBucket":"se114-e98e7.firebasestorage.app"}
[debug] [2025-06-29T15:44:06.606Z] Checked if tokens are valid: true, expires at: 1751212907002
[debug] [2025-06-29T15:44:06.606Z] Checked if tokens are valid: true, expires at: 1751212907002
[debug] [2025-06-29T15:44:06.606Z] >>> [apiv2][query] GET https://runtimeconfig.googleapis.com/v1beta1/projects/se114-e98e7/configs [none]
[debug] [2025-06-29T15:44:07.110Z] <<< [apiv2][status] GET https://runtimeconfig.googleapis.com/v1beta1/projects/se114-e98e7/configs 200
[debug] [2025-06-29T15:44:07.110Z] <<< [apiv2][body] GET https://runtimeconfig.googleapis.com/v1beta1/projects/se114-e98e7/configs {}
[debug] [2025-06-29T15:44:07.112Z] Validating nodejs source
[debug] [2025-06-29T15:44:07.790Z] > [functions] package.json contents: {
  "name": "functions",
  "description": "Cloud Functions for Firebase",
  "scripts": {
    "lint": "eslint .",
    "serve": "firebase emulators:start --only functions",
    "shell": "firebase functions:shell",
    "start": "npm run shell",
    "deploy": "firebase deploy --only functions",
    "logs": "firebase functions:log"
  },
  "engines": {
    "node": "22"
  },
  "main": "index.js",
  "dependencies": {
    "firebase-admin": "^12.6.0",
    "firebase-functions": "^6.0.1"
  },
  "devDependencies": {
    "eslint": "^8.15.0",
    "eslint-config-google": "^0.14.0",
    "firebase-functions-test": "^3.1.0"
  },
  "private": true
}
[debug] [2025-06-29T15:44:07.791Z] Building nodejs source
[info] i  functions: Loading and analyzing source code for codebase default to determine what to deploy 
[debug] [2025-06-29T15:44:07.791Z] Could not find functions.yaml. Must use http discovery
[debug] [2025-06-29T15:44:07.798Z] Found firebase-functions binary at 'D:\Code\Android\SE114_DoAn\functions\node_modules\.bin\firebase-functions'
[info] Serving at port 8388

[debug] [2025-06-29T15:44:08.029Z] Got response from /__/functions.yaml {"endpoints":{"sendNotificationOnTaskAssignment":{"availableMemoryMb":null,"timeoutSeconds":null,"minInstances":null,"maxInstances":null,"ingressSettings":null,"concurrency":null,"serviceAccountEmail":null,"vpc":null,"platform":"gcfv2","labels":{},"eventTrigger":{"eventType":"google.cloud.firestore.document.v1.updated","eventFilters":{"database":"(default)","namespace":"(default)"},"eventFilterPathPatterns":{"document":"Task/{taskId}"},"retry":false},"entryPoint":"sendNotificationOnTaskAssignment"}},"specVersion":"v1alpha1","requiredAPIs":[],"extensions":{}}
[info] i  extensions: ensuring required API firebaseextensions.googleapis.com is enabled... 
[debug] [2025-06-29T15:44:12.055Z] Checked if tokens are valid: true, expires at: 1751212907002
[debug] [2025-06-29T15:44:12.055Z] Checked if tokens are valid: true, expires at: 1751212907002
[debug] [2025-06-29T15:44:12.055Z] >>> [apiv2][query] GET https://serviceusage.googleapis.com/v1/projects/se114-e98e7/services/firebaseextensions.googleapis.com [none]
[debug] [2025-06-29T15:44:12.055Z] >>> [apiv2][(partial)header] GET https://serviceusage.googleapis.com/v1/projects/se114-e98e7/services/firebaseextensions.googleapis.com x-goog-quota-user=projects/se114-e98e7
[debug] [2025-06-29T15:44:13.490Z] <<< [apiv2][status] GET https://serviceusage.googleapis.com/v1/projects/se114-e98e7/services/firebaseextensions.googleapis.com 200
[debug] [2025-06-29T15:44:13.491Z] <<< [apiv2][body] GET https://serviceusage.googleapis.com/v1/projects/se114-e98e7/services/firebaseextensions.googleapis.com [omitted]
[warn] !  extensions: missing required API firebaseextensions.googleapis.com. Enabling now... 
[debug] [2025-06-29T15:44:13.491Z] Checked if tokens are valid: true, expires at: 1751212907002
[debug] [2025-06-29T15:44:13.492Z] Checked if tokens are valid: true, expires at: 1751212907002
[debug] [2025-06-29T15:44:13.492Z] >>> [apiv2][query] POST https://serviceusage.googleapis.com/v1/projects/se114-e98e7/services/firebaseextensions.googleapis.com:enable [none]
[debug] [2025-06-29T15:44:13.492Z] >>> [apiv2][(partial)header] POST https://serviceusage.googleapis.com/v1/projects/se114-e98e7/services/firebaseextensions.googleapis.com:enable x-goog-quota-user=projects/se114-e98e7
[debug] [2025-06-29T15:44:14.927Z] <<< [apiv2][status] POST https://serviceusage.googleapis.com/v1/projects/se114-e98e7/services/firebaseextensions.googleapis.com:enable 200
[debug] [2025-06-29T15:44:14.927Z] <<< [apiv2][body] POST https://serviceusage.googleapis.com/v1/projects/se114-e98e7/services/firebaseextensions.googleapis.com:enable [omitted]
[debug] [2025-06-29T15:44:24.940Z] > command requires scopes: ["email","openid","https://www.googleapis.com/auth/cloudplatformprojects.readonly","https://www.googleapis.com/auth/firebase","https://www.googleapis.com/auth/cloud-platform"]
[debug] [2025-06-29T15:44:24.941Z] > authorizing via signed-in user (duongnhathaopy@gmail.com)
[debug] [2025-06-29T15:44:24.941Z] [iam] checking project se114-e98e7 for permissions ["firebase.projects.get","firebaseextensions.instances.list"]
[debug] [2025-06-29T15:44:24.941Z] Checked if tokens are valid: true, expires at: 1751212907002
[debug] [2025-06-29T15:44:24.941Z] Checked if tokens are valid: true, expires at: 1751212907002
[debug] [2025-06-29T15:44:24.941Z] >>> [apiv2][query] POST https://cloudresourcemanager.googleapis.com/v1/projects/se114-e98e7:testIamPermissions [none]
[debug] [2025-06-29T15:44:24.941Z] >>> [apiv2][(partial)header] POST https://cloudresourcemanager.googleapis.com/v1/projects/se114-e98e7:testIamPermissions x-goog-quota-user=projects/se114-e98e7
[debug] [2025-06-29T15:44:24.941Z] >>> [apiv2][body] POST https://cloudresourcemanager.googleapis.com/v1/projects/se114-e98e7:testIamPermissions {"permissions":["firebase.projects.get","firebaseextensions.instances.list"]}
[debug] [2025-06-29T15:44:25.965Z] <<< [apiv2][status] POST https://cloudresourcemanager.googleapis.com/v1/projects/se114-e98e7:testIamPermissions 200
[debug] [2025-06-29T15:44:25.965Z] <<< [apiv2][body] POST https://cloudresourcemanager.googleapis.com/v1/projects/se114-e98e7:testIamPermissions {"permissions":["firebase.projects.get","firebaseextensions.instances.list"]}
[debug] [2025-06-29T15:44:25.965Z] Checked if tokens are valid: true, expires at: 1751212907002
[debug] [2025-06-29T15:44:25.965Z] Checked if tokens are valid: true, expires at: 1751212907002
[debug] [2025-06-29T15:44:25.966Z] >>> [apiv2][query] GET https://firebaseextensions.googleapis.com/v1beta/projects/se114-e98e7/instances pageSize=100&pageToken=
[debug] [2025-06-29T15:44:28.332Z] <<< [apiv2][status] GET https://firebaseextensions.googleapis.com/v1beta/projects/se114-e98e7/instances 200
[debug] [2025-06-29T15:44:28.332Z] <<< [apiv2][body] GET https://firebaseextensions.googleapis.com/v1beta/projects/se114-e98e7/instances {}
[info] i  functions: preparing functions directory for uploading... 
[info] i  functions: packaged D:\Code\Android\SE114_DoAn\functions (77.89 KB) for uploading 
[debug] [2025-06-29T15:44:28.361Z] Checked if tokens are valid: true, expires at: 1751212907002
[debug] [2025-06-29T15:44:28.361Z] Checked if tokens are valid: true, expires at: 1751212907002
[debug] [2025-06-29T15:44:28.361Z] >>> [apiv2][query] GET https://cloudfunctions.googleapis.com/v1/projects/se114-e98e7/locations/-/functions [none]
[debug] [2025-06-29T15:44:29.263Z] <<< [apiv2][status] GET https://cloudfunctions.googleapis.com/v1/projects/se114-e98e7/locations/-/functions 200
[debug] [2025-06-29T15:44:29.263Z] <<< [apiv2][body] GET https://cloudfunctions.googleapis.com/v1/projects/se114-e98e7/locations/-/functions {}
[debug] [2025-06-29T15:44:29.263Z] Checked if tokens are valid: true, expires at: 1751212907002
[debug] [2025-06-29T15:44:29.264Z] Checked if tokens are valid: true, expires at: 1751212907002
[debug] [2025-06-29T15:44:29.264Z] >>> [apiv2][query] GET https://cloudfunctions.googleapis.com/v2/projects/se114-e98e7/locations/-/functions filter=environment%3D%22GEN_2%22
[debug] [2025-06-29T15:44:30.638Z] <<< [apiv2][status] GET https://cloudfunctions.googleapis.com/v2/projects/se114-e98e7/locations/-/functions 200
[debug] [2025-06-29T15:44:30.638Z] <<< [apiv2][body] GET https://cloudfunctions.googleapis.com/v2/projects/se114-e98e7/locations/-/functions {}
[debug] [2025-06-29T15:44:30.638Z] Checked if tokens are valid: true, expires at: 1751212907002
[debug] [2025-06-29T15:44:30.639Z] Checked if tokens are valid: true, expires at: 1751212907002
[debug] [2025-06-29T15:44:30.639Z] >>> [apiv2][query] GET https://firestore.googleapis.com/v1/projects/se114-e98e7/databases/(default) [none]
[debug] [2025-06-29T15:44:31.145Z] <<< [apiv2][status] GET https://firestore.googleapis.com/v1/projects/se114-e98e7/databases/(default) 200
[debug] [2025-06-29T15:44:31.145Z] <<< [apiv2][body] GET https://firestore.googleapis.com/v1/projects/se114-e98e7/databases/(default) {"name":"projects/se114-e98e7/databases/(default)","uid":"75766f18-5d42-4208-92e1-caaed54f3e9e","createTime":"2025-06-29T05:53:56.684714Z","updateTime":"2025-06-29T05:53:56.684714Z","locationId":"asia-southeast1","type":"FIRESTORE_NATIVE","concurrencyMode":"PESSIMISTIC","versionRetentionPeriod":"3600s","earliestVersionTime":"2025-06-29T14:45:46.036984Z","appEngineIntegrationMode":"DISABLED","keyPrefix":"zas","pointInTimeRecoveryEnablement":"POINT_IN_TIME_RECOVERY_DISABLED","deleteProtectionState":"DELETE_PROTECTION_DISABLED","databaseEdition":"STANDARD","freeTier":true,"etag":"IPeZ4e/8lo4DMPu+nKz5lY4D"}
[info] i  functions: ensuring required API run.googleapis.com is enabled... 
[debug] [2025-06-29T15:44:31.146Z] Checked if tokens are valid: true, expires at: 1751212907002
[debug] [2025-06-29T15:44:31.146Z] Checked if tokens are valid: true, expires at: 1751212907002
[info] i  functions: ensuring required API eventarc.googleapis.com is enabled... 
[debug] [2025-06-29T15:44:31.147Z] Checked if tokens are valid: true, expires at: 1751212907002
[debug] [2025-06-29T15:44:31.147Z] Checked if tokens are valid: true, expires at: 1751212907002
[info] i  functions: ensuring required API pubsub.googleapis.com is enabled... 
[debug] [2025-06-29T15:44:31.147Z] Checked if tokens are valid: true, expires at: 1751212907002
[debug] [2025-06-29T15:44:31.147Z] Checked if tokens are valid: true, expires at: 1751212907002
[info] i  functions: ensuring required API storage.googleapis.com is enabled... 
[debug] [2025-06-29T15:44:31.148Z] Checked if tokens are valid: true, expires at: 1751212907002
[debug] [2025-06-29T15:44:31.148Z] Checked if tokens are valid: true, expires at: 1751212907002
[debug] [2025-06-29T15:44:31.148Z] >>> [apiv2][query] GET https://serviceusage.googleapis.com/v1/projects/782177130275/services/run.googleapis.com [none]
[debug] [2025-06-29T15:44:31.148Z] >>> [apiv2][(partial)header] GET https://serviceusage.googleapis.com/v1/projects/782177130275/services/run.googleapis.com x-goog-quota-user=projects/782177130275
[debug] [2025-06-29T15:44:31.149Z] >>> [apiv2][query] GET https://serviceusage.googleapis.com/v1/projects/782177130275/services/eventarc.googleapis.com [none]
[debug] [2025-06-29T15:44:31.149Z] >>> [apiv2][(partial)header] GET https://serviceusage.googleapis.com/v1/projects/782177130275/services/eventarc.googleapis.com x-goog-quota-user=projects/782177130275
[debug] [2025-06-29T15:44:31.150Z] >>> [apiv2][query] GET https://serviceusage.googleapis.com/v1/projects/782177130275/services/pubsub.googleapis.com [none]
[debug] [2025-06-29T15:44:31.150Z] >>> [apiv2][(partial)header] GET https://serviceusage.googleapis.com/v1/projects/782177130275/services/pubsub.googleapis.com x-goog-quota-user=projects/782177130275
[debug] [2025-06-29T15:44:31.151Z] >>> [apiv2][query] GET https://serviceusage.googleapis.com/v1/projects/782177130275/services/storage.googleapis.com [none]
[debug] [2025-06-29T15:44:31.151Z] >>> [apiv2][(partial)header] GET https://serviceusage.googleapis.com/v1/projects/782177130275/services/storage.googleapis.com x-goog-quota-user=projects/782177130275
[debug] [2025-06-29T15:44:32.490Z] <<< [apiv2][status] GET https://serviceusage.googleapis.com/v1/projects/782177130275/services/storage.googleapis.com 200
[debug] [2025-06-29T15:44:32.490Z] <<< [apiv2][body] GET https://serviceusage.googleapis.com/v1/projects/782177130275/services/storage.googleapis.com [omitted]
[info] +  functions: required API storage.googleapis.com is enabled 
[debug] [2025-06-29T15:44:32.506Z] <<< [apiv2][status] GET https://serviceusage.googleapis.com/v1/projects/782177130275/services/eventarc.googleapis.com 200
[debug] [2025-06-29T15:44:32.506Z] <<< [apiv2][body] GET https://serviceusage.googleapis.com/v1/projects/782177130275/services/eventarc.googleapis.com [omitted]
[warn] !  functions: missing required API eventarc.googleapis.com. Enabling now... 
[debug] [2025-06-29T15:44:32.507Z] Checked if tokens are valid: true, expires at: 1751212907002
[debug] [2025-06-29T15:44:32.507Z] Checked if tokens are valid: true, expires at: 1751212907002
[debug] [2025-06-29T15:44:32.507Z] >>> [apiv2][query] POST https://serviceusage.googleapis.com/v1/projects/782177130275/services/eventarc.googleapis.com:enable [none]
[debug] [2025-06-29T15:44:32.507Z] >>> [apiv2][(partial)header] POST https://serviceusage.googleapis.com/v1/projects/782177130275/services/eventarc.googleapis.com:enable x-goog-quota-user=projects/782177130275
[debug] [2025-06-29T15:44:32.547Z] <<< [apiv2][status] GET https://serviceusage.googleapis.com/v1/projects/782177130275/services/pubsub.googleapis.com 200
[debug] [2025-06-29T15:44:32.547Z] <<< [apiv2][body] GET https://serviceusage.googleapis.com/v1/projects/782177130275/services/pubsub.googleapis.com [omitted]
[info] +  functions: required API pubsub.googleapis.com is enabled 
[debug] [2025-06-29T15:44:32.601Z] <<< [apiv2][status] GET https://serviceusage.googleapis.com/v1/projects/782177130275/services/run.googleapis.com 200
[debug] [2025-06-29T15:44:32.601Z] <<< [apiv2][body] GET https://serviceusage.googleapis.com/v1/projects/782177130275/services/run.googleapis.com [omitted]
[warn] !  functions: missing required API run.googleapis.com. Enabling now... 
[debug] [2025-06-29T15:44:32.602Z] Checked if tokens are valid: true, expires at: 1751212907002
[debug] [2025-06-29T15:44:32.602Z] Checked if tokens are valid: true, expires at: 1751212907002
[debug] [2025-06-29T15:44:32.602Z] >>> [apiv2][query] POST https://serviceusage.googleapis.com/v1/projects/782177130275/services/run.googleapis.com:enable [none]
[debug] [2025-06-29T15:44:32.602Z] >>> [apiv2][(partial)header] POST https://serviceusage.googleapis.com/v1/projects/782177130275/services/run.googleapis.com:enable x-goog-quota-user=projects/782177130275
[debug] [2025-06-29T15:44:33.892Z] <<< [apiv2][status] POST https://serviceusage.googleapis.com/v1/projects/782177130275/services/eventarc.googleapis.com:enable 200
[debug] [2025-06-29T15:44:33.892Z] <<< [apiv2][body] POST https://serviceusage.googleapis.com/v1/projects/782177130275/services/eventarc.googleapis.com:enable [omitted]
[debug] [2025-06-29T15:44:34.084Z] <<< [apiv2][status] POST https://serviceusage.googleapis.com/v1/projects/782177130275/services/run.googleapis.com:enable 200
[debug] [2025-06-29T15:44:34.084Z] <<< [apiv2][body] POST https://serviceusage.googleapis.com/v1/projects/782177130275/services/run.googleapis.com:enable [omitted]
[info] i  functions: generating the service identity for pubsub.googleapis.com... 
[debug] [2025-06-29T15:44:44.093Z] Checked if tokens are valid: true, expires at: 1751212907002
[debug] [2025-06-29T15:44:44.093Z] Checked if tokens are valid: true, expires at: 1751212907002
[info] i  functions: generating the service identity for eventarc.googleapis.com... 
[debug] [2025-06-29T15:44:44.094Z] Checked if tokens are valid: true, expires at: 1751212907002
[debug] [2025-06-29T15:44:44.094Z] Checked if tokens are valid: true, expires at: 1751212907002
[debug] [2025-06-29T15:44:44.094Z] >>> [apiv2][query] POST https://serviceusage.googleapis.com/v1beta1/projects/782177130275/services/pubsub.googleapis.com:generateServiceIdentity [none]
[debug] [2025-06-29T15:44:44.094Z] >>> [apiv2][(partial)header] POST https://serviceusage.googleapis.com/v1beta1/projects/782177130275/services/pubsub.googleapis.com:generateServiceIdentity x-goog-quota-user=projects/782177130275
[debug] [2025-06-29T15:44:44.094Z] >>> [apiv2][body] POST https://serviceusage.googleapis.com/v1beta1/projects/782177130275/services/pubsub.googleapis.com:generateServiceIdentity {}
[debug] [2025-06-29T15:44:44.095Z] >>> [apiv2][query] POST https://serviceusage.googleapis.com/v1beta1/projects/782177130275/services/eventarc.googleapis.com:generateServiceIdentity [none]
[debug] [2025-06-29T15:44:44.095Z] >>> [apiv2][(partial)header] POST https://serviceusage.googleapis.com/v1beta1/projects/782177130275/services/eventarc.googleapis.com:generateServiceIdentity x-goog-quota-user=projects/782177130275
[debug] [2025-06-29T15:44:44.095Z] >>> [apiv2][body] POST https://serviceusage.googleapis.com/v1beta1/projects/782177130275/services/eventarc.googleapis.com:generateServiceIdentity {}
[debug] [2025-06-29T15:44:45.656Z] <<< [apiv2][status] POST https://serviceusage.googleapis.com/v1beta1/projects/782177130275/services/eventarc.googleapis.com:generateServiceIdentity 200
[debug] [2025-06-29T15:44:45.656Z] <<< [apiv2][body] POST https://serviceusage.googleapis.com/v1beta1/projects/782177130275/services/eventarc.googleapis.com:generateServiceIdentity {"name":"operations/finished.DONE_OPERATION","done":true,"response":{"@type":"type.googleapis.com/google.api.serviceusage.v1beta1.ServiceIdentity","email":"service-782177130275@gcp-sa-eventarc.iam.gserviceaccount.com","uniqueId":"108584911081944546874"}}
[debug] [2025-06-29T15:44:45.913Z] <<< [apiv2][status] POST https://serviceusage.googleapis.com/v1beta1/projects/782177130275/services/pubsub.googleapis.com:generateServiceIdentity 200
[debug] [2025-06-29T15:44:45.913Z] <<< [apiv2][body] POST https://serviceusage.googleapis.com/v1beta1/projects/782177130275/services/pubsub.googleapis.com:generateServiceIdentity {"name":"operations/finished.DONE_OPERATION","done":true,"response":{"@type":"type.googleapis.com/google.api.serviceusage.v1beta1.ServiceIdentity","email":"service-782177130275@gcp-sa-pubsub.iam.gserviceaccount.com","uniqueId":"111911129006665628067"}}
[debug] [2025-06-29T15:44:45.914Z] Checked if tokens are valid: true, expires at: 1751212907002
[debug] [2025-06-29T15:44:45.914Z] Checked if tokens are valid: true, expires at: 1751212907002
[debug] [2025-06-29T15:44:45.914Z] >>> [apiv2][query] GET https://compute.googleapis.com/compute/v1/projects/782177130275 [none]
[debug] [2025-06-29T15:44:47.205Z] <<< [apiv2][status] GET https://compute.googleapis.com/compute/v1/projects/782177130275 403
[debug] [2025-06-29T15:44:47.206Z] <<< [apiv2][body] GET https://compute.googleapis.com/compute/v1/projects/782177130275 {"error":{"code":403,"message":"Compute Engine API has not been used in project 782177130275 before or it is disabled. Enable it by visiting https://console.developers.google.com/apis/api/compute.googleapis.com/overview?project=782177130275 then retry. If you enabled this API recently, wait a few minutes for the action to propagate to our systems and retry.","errors":[{"message":"Compute Engine API has not been used in project 782177130275 before or it is disabled. Enable it by visiting https://console.developers.google.com/apis/api/compute.googleapis.com/overview?project=782177130275 then retry. If you enabled this API recently, wait a few minutes for the action to propagate to our systems and retry.","domain":"usageLimits","reason":"accessNotConfigured","extendedHelp":"https://console.developers.google.com"}],"status":"PERMISSION_DENIED","details":[{"@type":"type.googleapis.com/google.rpc.ErrorInfo","reason":"SERVICE_DISABLED","domain":"googleapis.com","metadata":{"serviceTitle":"Compute Engine API","activationUrl":"https://console.developers.google.com/apis/api/compute.googleapis.com/overview?project=782177130275","service":"compute.googleapis.com","containerInfo":"782177130275","consumer":"projects/782177130275"}},{"@type":"type.googleapis.com/google.rpc.LocalizedMessage","locale":"en-US","message":"Compute Engine API has not been used in project 782177130275 before or it is disabled. Enable it by visiting https://console.developers.google.com/apis/api/compute.googleapis.com/overview?project=782177130275 then retry. If you enabled this API recently, wait a few minutes for the action to propagate to our systems and retry."},{"@type":"type.googleapis.com/google.rpc.Help","links":[{"description":"Google developers console API activation","url":"https://console.developers.google.com/apis/api/compute.googleapis.com/overview?project=782177130275"}]}]}}
[debug] [2025-06-29T15:44:47.206Z] unable to look up default compute service account. Falling back to 782177130275-compute@developer.gserviceaccount.com. Error: {"name":"FirebaseError","children":[],"context":{"body":{"error":{"code":403,"message":"Compute Engine API has not been used in project 782177130275 before or it is disabled. Enable it by visiting https://console.developers.google.com/apis/api/compute.googleapis.com/overview?project=782177130275 then retry. If you enabled this API recently, wait a few minutes for the action to propagate to our systems and retry.","errors":[{"message":"Compute Engine API has not been used in project 782177130275 before or it is disabled. Enable it by visiting https://console.developers.google.com/apis/api/compute.googleapis.com/overview?project=782177130275 then retry. If you enabled this API recently, wait a few minutes for the action to propagate to our systems and retry.","domain":"usageLimits","reason":"accessNotConfigured","extendedHelp":"https://console.developers.google.com"}],"status":"PERMISSION_DENIED","details":[{"@type":"type.googleapis.com/google.rpc.ErrorInfo","reason":"SERVICE_DISABLED","domain":"googleapis.com","metadata":{"serviceTitle":"Compute Engine API","activationUrl":"https://console.developers.google.com/apis/api/compute.googleapis.com/overview?project=782177130275","service":"compute.googleapis.com","containerInfo":"782177130275","consumer":"projects/782177130275"}},{"@type":"type.googleapis.com/google.rpc.LocalizedMessage","locale":"en-US","message":"Compute Engine API has not been used in project 782177130275 before or it is disabled. Enable it by visiting https://console.developers.google.com/apis/api/compute.googleapis.com/overview?project=782177130275 then retry. If you enabled this API recently, wait a few minutes for the action to propagate to our systems and retry."},{"@type":"type.googleapis.com/google.rpc.Help","links":[{"description":"Google developers console API activation","url":"https://console.developers.google.com/apis/api/compute.googleapis.com/overview?project=782177130275"}]}]}},"response":{"statusCode":403}},"exit":1,"message":"Request to https://compute.googleapis.com/compute/v1/projects/782177130275 had HTTP Error: 403, Compute Engine API has not been used in project 782177130275 before or it is disabled. Enable it by visiting https://console.developers.google.com/apis/api/compute.googleapis.com/overview?project=782177130275 then retry. If you enabled this API recently, wait a few minutes for the action to propagate to our systems and retry.","status":403}
[debug] [2025-06-29T15:44:47.206Z] Checked if tokens are valid: true, expires at: 1751212907002
[debug] [2025-06-29T15:44:47.206Z] Checked if tokens are valid: true, expires at: 1751212907002
[debug] [2025-06-29T15:44:47.206Z] >>> [apiv2][query] POST https://cloudresourcemanager.googleapis.com/v1/projects/782177130275:getIamPolicy [none]
[debug] [2025-06-29T15:44:48.413Z] <<< [apiv2][status] POST https://cloudresourcemanager.googleapis.com/v1/projects/782177130275:getIamPolicy 200
[debug] [2025-06-29T15:44:48.413Z] <<< [apiv2][body] POST https://cloudresourcemanager.googleapis.com/v1/projects/782177130275:getIamPolicy {"version":1,"etag":"BwY4t85PKUM=","bindings":[{"role":"roles/cloudbuild.builds.builder","members":["serviceAccount:782177130275@cloudbuild.gserviceaccount.com"]},{"role":"roles/cloudbuild.serviceAgent","members":["serviceAccount:service-782177130275@gcp-sa-cloudbuild.iam.gserviceaccount.com"]},{"role":"roles/cloudfunctions.serviceAgent","members":["serviceAccount:service-782177130275@gcf-admin-robot.iam.gserviceaccount.com"]},{"role":"roles/containerregistry.ServiceAgent","members":["serviceAccount:service-782177130275@containerregistry.iam.gserviceaccount.com"]},{"role":"roles/editor","members":["serviceAccount:782177130275@cloudservices.gserviceaccount.com","serviceAccount:se114-e98e7@appspot.gserviceaccount.com","serviceAccount:782177130275-compute@developer.gserviceaccount.com"]},{"role":"roles/firebase.managementServiceAgent","members":["serviceAccount:service-782177130275@gcp-sa-firebase.iam.gserviceaccount.com"]},{"role":"roles/firebase.sdkAdminServiceAgent","members":["serviceAccount:firebase-adminsdk-fbsvc@se114-e98e7.iam.gserviceaccount.com"]},{"role":"roles/firebaseappcheck.admin","members":["serviceAccount:firebase-adminsdk-fbsvc@se114-e98e7.iam.gserviceaccount.com"]},{"role":"roles/firebaseappcheck.serviceAgent","members":["serviceAccount:service-782177130275@gcp-sa-firebaseappcheck.iam.gserviceaccount.com"]},{"role":"roles/firebaseauth.admin","members":["serviceAccount:firebase-adminsdk-fbsvc@se114-e98e7.iam.gserviceaccount.com"]},{"role":"roles/firebasemods.serviceAgent","members":["serviceAccount:service-782177130275@gcp-sa-firebasemods.iam.gserviceaccount.com"]},{"role":"roles/firebaserules.system","members":["serviceAccount:service-782177130275@firebase-rules.iam.gserviceaccount.com"]},{"role":"roles/firebasestorage.serviceAgent","members":["serviceAccount:service-782177130275@gcp-sa-firebasestorage.iam.gserviceaccount.com"]},{"role":"roles/firestore.serviceAgent","members":["serviceAccount:service-782177130275@gcp-sa-firestore.iam.gserviceaccount.com"]},{"role":"roles/iam.serviceAccountTokenCreator","members":["serviceAccount:firebase-adminsdk-fbsvc@se114-e98e7.iam.gserviceaccount.com"]},{"role":"roles/owner","members":["user:duongnhathaopy@gmail.com","user:lenguyenkhanglop99@gmail.com"]},{"role":"roles/run.serviceAgent","members":["serviceAccount:service-782177130275@serverless-robot-prod.iam.gserviceaccount.com"]},{"role":"roles/storage.admin","members":["serviceAccount:firebase-adminsdk-fbsvc@se114-e98e7.iam.gserviceaccount.com"]}]}
[debug] [2025-06-29T15:44:48.413Z] Checked if tokens are valid: true, expires at: 1751212907002
[debug] [2025-06-29T15:44:48.413Z] Checked if tokens are valid: true, expires at: 1751212907002
[debug] [2025-06-29T15:44:48.413Z] >>> [apiv2][query] POST https://cloudresourcemanager.googleapis.com/v1/projects/782177130275:setIamPolicy [none]
[debug] [2025-06-29T15:44:48.413Z] >>> [apiv2][body] POST https://cloudresourcemanager.googleapis.com/v1/projects/782177130275:setIamPolicy {"policy":{"version":1,"etag":"BwY4t85PKUM=","bindings":[{"role":"roles/cloudbuild.builds.builder","members":["serviceAccount:782177130275@cloudbuild.gserviceaccount.com"]},{"role":"roles/cloudbuild.serviceAgent","members":["serviceAccount:service-782177130275@gcp-sa-cloudbuild.iam.gserviceaccount.com"]},{"role":"roles/cloudfunctions.serviceAgent","members":["serviceAccount:service-782177130275@gcf-admin-robot.iam.gserviceaccount.com"]},{"role":"roles/containerregistry.ServiceAgent","members":["serviceAccount:service-782177130275@containerregistry.iam.gserviceaccount.com"]},{"role":"roles/editor","members":["serviceAccount:782177130275@cloudservices.gserviceaccount.com","serviceAccount:se114-e98e7@appspot.gserviceaccount.com","serviceAccount:782177130275-compute@developer.gserviceaccount.com"]},{"role":"roles/firebase.managementServiceAgent","members":["serviceAccount:service-782177130275@gcp-sa-firebase.iam.gserviceaccount.com"]},{"role":"roles/firebase.sdkAdminServiceAgent","members":["serviceAccount:firebase-adminsdk-fbsvc@se114-e98e7.iam.gserviceaccount.com"]},{"role":"roles/firebaseappcheck.admin","members":["serviceAccount:firebase-adminsdk-fbsvc@se114-e98e7.iam.gserviceaccount.com"]},{"role":"roles/firebaseappcheck.serviceAgent","members":["serviceAccount:service-782177130275@gcp-sa-firebaseappcheck.iam.gserviceaccount.com"]},{"role":"roles/firebaseauth.admin","members":["serviceAccount:firebase-adminsdk-fbsvc@se114-e98e7.iam.gserviceaccount.com"]},{"role":"roles/firebasemods.serviceAgent","members":["serviceAccount:service-782177130275@gcp-sa-firebasemods.iam.gserviceaccount.com"]},{"role":"roles/firebaserules.system","members":["serviceAccount:service-782177130275@firebase-rules.iam.gserviceaccount.com"]},{"role":"roles/firebasestorage.serviceAgent","members":["serviceAccount:service-782177130275@gcp-sa-firebasestorage.iam.gserviceaccount.com"]},{"role":"roles/firestore.serviceAgent","members":["serviceAccount:service-782177130275@gcp-sa-firestore.iam.gserviceaccount.com"]},{"role":"roles/iam.serviceAccountTokenCreator","members":["serviceAccount:firebase-adminsdk-fbsvc@se114-e98e7.iam.gserviceaccount.com","serviceAccount:service-782177130275@gcp-sa-pubsub.iam.gserviceaccount.com"]},{"role":"roles/owner","members":["user:duongnhathaopy@gmail.com","user:lenguyenkhanglop99@gmail.com"]},{"role":"roles/run.serviceAgent","members":["serviceAccount:service-782177130275@serverless-robot-prod.iam.gserviceaccount.com"]},{"role":"roles/storage.admin","members":["serviceAccount:firebase-adminsdk-fbsvc@se114-e98e7.iam.gserviceaccount.com"]},{"role":"roles/run.invoker","members":["serviceAccount:782177130275-compute@developer.gserviceaccount.com"]},{"role":"roles/eventarc.eventReceiver","members":["serviceAccount:782177130275-compute@developer.gserviceaccount.com"]}]},"updateMask":"bindings"}
[debug] [2025-06-29T15:44:49.334Z] <<< [apiv2][status] POST https://cloudresourcemanager.googleapis.com/v1/projects/782177130275:setIamPolicy 200
[debug] [2025-06-29T15:44:49.334Z] <<< [apiv2][body] POST https://cloudresourcemanager.googleapis.com/v1/projects/782177130275:setIamPolicy {"version":1,"etag":"BwY4t88MXxE=","bindings":[{"role":"roles/cloudbuild.builds.builder","members":["serviceAccount:782177130275@cloudbuild.gserviceaccount.com"]},{"role":"roles/cloudbuild.serviceAgent","members":["serviceAccount:service-782177130275@gcp-sa-cloudbuild.iam.gserviceaccount.com"]},{"role":"roles/cloudfunctions.serviceAgent","members":["serviceAccount:service-782177130275@gcf-admin-robot.iam.gserviceaccount.com"]},{"role":"roles/containerregistry.ServiceAgent","members":["serviceAccount:service-782177130275@containerregistry.iam.gserviceaccount.com"]},{"role":"roles/editor","members":["serviceAccount:782177130275-compute@developer.gserviceaccount.com","serviceAccount:782177130275@cloudservices.gserviceaccount.com","serviceAccount:se114-e98e7@appspot.gserviceaccount.com"]},{"role":"roles/eventarc.eventReceiver","members":["serviceAccount:782177130275-compute@developer.gserviceaccount.com"]},{"role":"roles/firebase.managementServiceAgent","members":["serviceAccount:service-782177130275@gcp-sa-firebase.iam.gserviceaccount.com"]},{"role":"roles/firebase.sdkAdminServiceAgent","members":["serviceAccount:firebase-adminsdk-fbsvc@se114-e98e7.iam.gserviceaccount.com"]},{"role":"roles/firebaseappcheck.admin","members":["serviceAccount:firebase-adminsdk-fbsvc@se114-e98e7.iam.gserviceaccount.com"]},{"role":"roles/firebaseappcheck.serviceAgent","members":["serviceAccount:service-782177130275@gcp-sa-firebaseappcheck.iam.gserviceaccount.com"]},{"role":"roles/firebaseauth.admin","members":["serviceAccount:firebase-adminsdk-fbsvc@se114-e98e7.iam.gserviceaccount.com"]},{"role":"roles/firebasemods.serviceAgent","members":["serviceAccount:service-782177130275@gcp-sa-firebasemods.iam.gserviceaccount.com"]},{"role":"roles/firebaserules.system","members":["serviceAccount:service-782177130275@firebase-rules.iam.gserviceaccount.com"]},{"role":"roles/firebasestorage.serviceAgent","members":["serviceAccount:service-782177130275@gcp-sa-firebasestorage.iam.gserviceaccount.com"]},{"role":"roles/firestore.serviceAgent","members":["serviceAccount:service-782177130275@gcp-sa-firestore.iam.gserviceaccount.com"]},{"role":"roles/iam.serviceAccountTokenCreator","members":["serviceAccount:firebase-adminsdk-fbsvc@se114-e98e7.iam.gserviceaccount.com","serviceAccount:service-782177130275@gcp-sa-pubsub.iam.gserviceaccount.com"]},{"role":"roles/owner","members":["user:duongnhathaopy@gmail.com","user:lenguyenkhanglop99@gmail.com"]},{"role":"roles/run.invoker","members":["serviceAccount:782177130275-compute@developer.gserviceaccount.com"]},{"role":"roles/run.serviceAgent","members":["serviceAccount:service-782177130275@serverless-robot-prod.iam.gserviceaccount.com"]},{"role":"roles/storage.admin","members":["serviceAccount:firebase-adminsdk-fbsvc@se114-e98e7.iam.gserviceaccount.com"]}]}
[debug] [2025-06-29T15:44:49.335Z] Checked if tokens are valid: true, expires at: 1751212907002
[debug] [2025-06-29T15:44:49.335Z] Checked if tokens are valid: true, expires at: 1751212907002
[debug] [2025-06-29T15:44:49.335Z] >>> [apiv2][query] GET https://cloudresourcemanager.googleapis.com/v1/projects/se114-e98e7 [none]
[debug] [2025-06-29T15:44:49.618Z] <<< [apiv2][status] GET https://cloudresourcemanager.googleapis.com/v1/projects/se114-e98e7 200
[debug] [2025-06-29T15:44:49.618Z] <<< [apiv2][body] GET https://cloudresourcemanager.googleapis.com/v1/projects/se114-e98e7 {"projectNumber":"782177130275","projectId":"se114-e98e7","lifecycleState":"ACTIVE","name":"SE114","labels":{"firebase":"enabled","firebase-core":"disabled"},"createTime":"2025-06-29T05:47:50.749603Z"}
[debug] [2025-06-29T15:44:49.619Z] Checked if tokens are valid: true, expires at: 1751212907002
[debug] [2025-06-29T15:44:49.619Z] Checked if tokens are valid: true, expires at: 1751212907002
[debug] [2025-06-29T15:44:49.619Z] >>> [apiv2][query] GET https://compute.googleapis.com/compute/v1/projects/782177130275 [none]
[debug] [2025-06-29T15:44:49.887Z] <<< [apiv2][status] GET https://compute.googleapis.com/compute/v1/projects/782177130275 403
[debug] [2025-06-29T15:44:49.887Z] <<< [apiv2][body] GET https://compute.googleapis.com/compute/v1/projects/782177130275 {"error":{"code":403,"message":"Compute Engine API has not been used in project 782177130275 before or it is disabled. Enable it by visiting https://console.developers.google.com/apis/api/compute.googleapis.com/overview?project=782177130275 then retry. If you enabled this API recently, wait a few minutes for the action to propagate to our systems and retry.","errors":[{"message":"Compute Engine API has not been used in project 782177130275 before or it is disabled. Enable it by visiting https://console.developers.google.com/apis/api/compute.googleapis.com/overview?project=782177130275 then retry. If you enabled this API recently, wait a few minutes for the action to propagate to our systems and retry.","domain":"usageLimits","reason":"accessNotConfigured","extendedHelp":"https://console.developers.google.com"}],"status":"PERMISSION_DENIED","details":[{"@type":"type.googleapis.com/google.rpc.ErrorInfo","reason":"SERVICE_DISABLED","domain":"googleapis.com","metadata":{"containerInfo":"782177130275","consumer":"projects/782177130275","activationUrl":"https://console.developers.google.com/apis/api/compute.googleapis.com/overview?project=782177130275","service":"compute.googleapis.com","serviceTitle":"Compute Engine API"}},{"@type":"type.googleapis.com/google.rpc.LocalizedMessage","locale":"en-US","message":"Compute Engine API has not been used in project 782177130275 before or it is disabled. Enable it by visiting https://console.developers.google.com/apis/api/compute.googleapis.com/overview?project=782177130275 then retry. If you enabled this API recently, wait a few minutes for the action to propagate to our systems and retry."},{"@type":"type.googleapis.com/google.rpc.Help","links":[{"description":"Google developers console API activation","url":"https://console.developers.google.com/apis/api/compute.googleapis.com/overview?project=782177130275"}]}]}}
[debug] [2025-06-29T15:44:49.887Z] unable to look up default compute service account. Falling back to 782177130275-compute@developer.gserviceaccount.com. Error: {"name":"FirebaseError","children":[],"context":{"body":{"error":{"code":403,"message":"Compute Engine API has not been used in project 782177130275 before or it is disabled. Enable it by visiting https://console.developers.google.com/apis/api/compute.googleapis.com/overview?project=782177130275 then retry. If you enabled this API recently, wait a few minutes for the action to propagate to our systems and retry.","errors":[{"message":"Compute Engine API has not been used in project 782177130275 before or it is disabled. Enable it by visiting https://console.developers.google.com/apis/api/compute.googleapis.com/overview?project=782177130275 then retry. If you enabled this API recently, wait a few minutes for the action to propagate to our systems and retry.","domain":"usageLimits","reason":"accessNotConfigured","extendedHelp":"https://console.developers.google.com"}],"status":"PERMISSION_DENIED","details":[{"@type":"type.googleapis.com/google.rpc.ErrorInfo","reason":"SERVICE_DISABLED","domain":"googleapis.com","metadata":{"containerInfo":"782177130275","consumer":"projects/782177130275","activationUrl":"https://console.developers.google.com/apis/api/compute.googleapis.com/overview?project=782177130275","service":"compute.googleapis.com","serviceTitle":"Compute Engine API"}},{"@type":"type.googleapis.com/google.rpc.LocalizedMessage","locale":"en-US","message":"Compute Engine API has not been used in project 782177130275 before or it is disabled. Enable it by visiting https://console.developers.google.com/apis/api/compute.googleapis.com/overview?project=782177130275 then retry. If you enabled this API recently, wait a few minutes for the action to propagate to our systems and retry."},{"@type":"type.googleapis.com/google.rpc.Help","links":[{"description":"Google developers console API activation","url":"https://console.developers.google.com/apis/api/compute.googleapis.com/overview?project=782177130275"}]}]}},"response":{"statusCode":403}},"exit":1,"message":"Request to https://compute.googleapis.com/compute/v1/projects/782177130275 had HTTP Error: 403, Compute Engine API has not been used in project 782177130275 before or it is disabled. Enable it by visiting https://console.developers.google.com/apis/api/compute.googleapis.com/overview?project=782177130275 then retry. If you enabled this API recently, wait a few minutes for the action to propagate to our systems and retry.","status":403}
[debug] [2025-06-29T15:44:49.888Z] Checked if tokens are valid: true, expires at: 1751212907002
[debug] [2025-06-29T15:44:49.888Z] Checked if tokens are valid: true, expires at: 1751212907002
[debug] [2025-06-29T15:44:49.888Z] >>> [apiv2][query] GET https://cloudbilling.googleapis.com/v1/projects/se114-e98e7/billingInfo [none]
[debug] [2025-06-29T15:44:51.283Z] <<< [apiv2][status] GET https://cloudbilling.googleapis.com/v1/projects/se114-e98e7/billingInfo 200
[debug] [2025-06-29T15:44:51.283Z] <<< [apiv2][body] GET https://cloudbilling.googleapis.com/v1/projects/se114-e98e7/billingInfo {"name":"projects/se114-e98e7/billingInfo","projectId":"se114-e98e7","billingAccountName":"billingAccounts/0158EE-9076FB-D4FAC8","billingEnabled":true}
[debug] [2025-06-29T15:44:51.284Z] Checked if tokens are valid: true, expires at: 1751212907002
[debug] [2025-06-29T15:44:51.284Z] Checked if tokens are valid: true, expires at: 1751212907002
[debug] [2025-06-29T15:44:51.284Z] >>> [apiv2][query] POST https://cloudfunctions.googleapis.com/v2/projects/se114-e98e7/locations/us-central1/functions:generateUploadUrl [none]
[debug] [2025-06-29T15:44:53.244Z] <<< [apiv2][status] POST https://cloudfunctions.googleapis.com/v2/projects/se114-e98e7/locations/us-central1/functions:generateUploadUrl 200
[debug] [2025-06-29T15:44:53.244Z] <<< [apiv2][body] POST https://cloudfunctions.googleapis.com/v2/projects/se114-e98e7/locations/us-central1/functions:generateUploadUrl {"uploadUrl":"https://storage.googleapis.com/gcf-v2-uploads-782177130275.us-central1.cloudfunctions.appspot.com/dff2e72f-9a12-4298-9ab4-bd7f072fc2ad.zip?GoogleAccessId=service-782177130275@gcf-admin-robot.iam.gserviceaccount.com&Expires=1751213768&Signature=bDRm19WTwLdbL2pnJ%2Bvz%2FsHCu3iuhH3tFc8O%2B8AZPk5Lb4ZWS4rTn4v%2BE6JVlwlkVrVBBUj6KnmLAcywg0qbTFCUhT0KAfaz%2BiBNM7%2F4j4YJI%2F7gb4GWG%2BOBAnq2BaIaPLIV21rPRfNydTzS%2F47piOfGSXSishbmze8wUsc0SHXkARNvk3dcS8LhVjOgan0%2FFJ8ar9Ifq1LDL3V1tKotIRbKE4Klyhr6djh3tqfT0jr7BGhtYqGBOo%2BBukc6h1y7lfOH52uktUYB%2B06iCMV0rWj3Jn9xjsZbQbSRuKZ5Wpo1C%2BXqMvTj8RZXPWCoJcpZn2yrRmmTMYcpwufV1SK3Xg%3D%3D","storageSource":{"bucket":"gcf-v2-uploads-782177130275.us-central1.cloudfunctions.appspot.com","object":"dff2e72f-9a12-4298-9ab4-bd7f072fc2ad.zip"}}
[debug] [2025-06-29T15:44:53.244Z] >>> [apiv2][query] PUT https://storage.googleapis.com/gcf-v2-uploads-782177130275.us-central1.cloudfunctions.appspot.com/dff2e72f-9a12-4298-9ab4-bd7f072fc2ad.zip GoogleAccessId=service-782177130275%40gcf-admin-robot.iam.gserviceaccount.com&Expires=1751213768&Signature=bDRm19WTwLdbL2pnJ%2Bvz%2FsHCu3iuhH3tFc8O%2B8AZPk5Lb4ZWS4rTn4v%2BE6JVlwlkVrVBBUj6KnmLAcywg0qbTFCUhT0KAfaz%2BiBNM7%2F4j4YJI%2F7gb4GWG%2BOBAnq2BaIaPLIV21rPRfNydTzS%2F47piOfGSXSishbmze8wUsc0SHXkARNvk3dcS8LhVjOgan0%2FFJ8ar9Ifq1LDL3V1tKotIRbKE4Klyhr6djh3tqfT0jr7BGhtYqGBOo%2BBukc6h1y7lfOH52uktUYB%2B06iCMV0rWj3Jn9xjsZbQbSRuKZ5Wpo1C%2BXqMvTj8RZXPWCoJcpZn2yrRmmTMYcpwufV1SK3Xg%3D%3D
[debug] [2025-06-29T15:44:53.244Z] >>> [apiv2][body] PUT https://storage.googleapis.com/gcf-v2-uploads-782177130275.us-central1.cloudfunctions.appspot.com/dff2e72f-9a12-4298-9ab4-bd7f072fc2ad.zip [stream]
[debug] [2025-06-29T15:44:54.242Z] <<< [apiv2][status] PUT https://storage.googleapis.com/gcf-v2-uploads-782177130275.us-central1.cloudfunctions.appspot.com/dff2e72f-9a12-4298-9ab4-bd7f072fc2ad.zip 200
[debug] [2025-06-29T15:44:54.242Z] <<< [apiv2][body] PUT https://storage.googleapis.com/gcf-v2-uploads-782177130275.us-central1.cloudfunctions.appspot.com/dff2e72f-9a12-4298-9ab4-bd7f072fc2ad.zip [omitted]
[info] +  functions: functions folder uploaded successfully 
[info] i  functions: creating Node.js 22 (2nd Gen) function sendNotificationOnTaskAssignment(us-central1)... 
[debug] [2025-06-29T15:44:54.248Z] Checked if tokens are valid: true, expires at: 1751212907002
[debug] [2025-06-29T15:44:54.248Z] Checked if tokens are valid: true, expires at: 1751212907002
[debug] [2025-06-29T15:44:54.248Z] >>> [apiv2][query] POST https://cloudfunctions.googleapis.com/v2/projects/se114-e98e7/locations/us-central1/functions functionId=sendNotificationOnTaskAssignment
[debug] [2025-06-29T15:44:54.248Z] >>> [apiv2][body] POST https://cloudfunctions.googleapis.com/v2/projects/se114-e98e7/locations/us-central1/functions {"name":"projects/se114-e98e7/locations/us-central1/functions/sendNotificationOnTaskAssignment","buildConfig":{"runtime":"nodejs22","entryPoint":"sendNotificationOnTaskAssignment","source":{"storageSource":{"bucket":"gcf-v2-uploads-782177130275.us-central1.cloudfunctions.appspot.com","object":"dff2e72f-9a12-4298-9ab4-bd7f072fc2ad.zip"}},"environmentVariables":{"GOOGLE_NODE_RUN_SCRIPTS":""}},"serviceConfig":{"environmentVariables":{"FIREBASE_CONFIG":"{\"projectId\":\"se114-e98e7\",\"storageBucket\":\"se114-e98e7.firebasestorage.app\"}","GCLOUD_PROJECT":"se114-e98e7","EVENTARC_CLOUD_EVENT_SOURCE":"projects/se114-e98e7/locations/us-central1/services/sendNotificationOnTaskAssignment","FUNCTION_SIGNATURE_TYPE":"cloudevent","FUNCTION_TARGET":"sendNotificationOnTaskAssignment","LOG_EXECUTION_ID":"true"},"ingressSettings":null,"timeoutSeconds":null,"serviceAccountEmail":null,"availableMemory":"256Mi","minInstanceCount":null,"maxInstanceCount":null,"maxInstanceRequestConcurrency":80,"availableCpu":"1","vpcConnector":null,"vpcConnectorEgressSettings":null},"labels":{"deployment-tool":"cli-firebase","firebase-functions-hash":"b21d9689cac2b74e5a32b411894189f439f18a3d"},"eventTrigger":{"eventType":"google.cloud.firestore.document.v1.updated","retryPolicy":"RETRY_POLICY_DO_NOT_RETRY","eventFilters":[{"attribute":"database","value":"(default)"},{"attribute":"namespace","value":"(default)"},{"attribute":"document","value":"Task/{taskId}","operator":"match-path-pattern"}],"triggerRegion":"asia-southeast1"}}
[debug] [2025-06-29T15:45:12.479Z] <<< [apiv2][status] POST https://cloudfunctions.googleapis.com/v2/projects/se114-e98e7/locations/us-central1/functions 400
[debug] [2025-06-29T15:45:12.479Z] <<< [apiv2][body] POST https://cloudfunctions.googleapis.com/v2/projects/se114-e98e7/locations/us-central1/functions {"error":{"code":400,"message":"Validation failed for trigger projects/se114-e98e7/locations/asia-southeast1/triggers/sendnotificationontaskassignment-898257: Invalid resource state for \"\": Permission denied while using the Eventarc Service Agent. If you recently started to use Eventarc, it may take a few minutes before all necessary permissions are propagated to the Service Agent. Otherwise, verify that it has Eventarc Service Agent role.","status":"FAILED_PRECONDITION"}}
[warn] !  functions: Request to https://cloudfunctions.googleapis.com/v2/projects/se114-e98e7/locations/us-central1/functions?functionId=sendNotificationOnTaskAssignment had HTTP Error: 400, Validation failed for trigger projects/se114-e98e7/locations/asia-southeast1/triggers/sendnotificationontaskassignment-898257: Invalid resource state for "": Permission denied while using the Eventarc Service Agent. If you recently started to use Eventarc, it may take a few minutes before all necessary permissions are propagated to the Service Agent. Otherwise, verify that it has Eventarc Service Agent role. 
[warn] !  functions: Since this is your first time using 2nd gen functions, we need a little bit longer to finish setting everything up. Retry the deployment in a few minutes. 
[warn] !  functions:  failed to create function projects/se114-e98e7/locations/us-central1/functions/sendNotificationOnTaskAssignment 
[error] Failed to create function projects/se114-e98e7/locations/us-central1/functions/sendNotificationOnTaskAssignment
[debug] [2025-06-29T15:45:12.484Z] Total Function Deployment time: 18235
[debug] [2025-06-29T15:45:12.484Z] 1 Functions Deployed
[debug] [2025-06-29T15:45:12.484Z] 1 Functions Errored
[debug] [2025-06-29T15:45:12.484Z] 0 Function Deployments Aborted
[debug] [2025-06-29T15:45:12.484Z] Average Function Deployment time: 18234
[info] 
[info] Functions deploy had errors with the following functions:
	sendNotificationOnTaskAssignment(us-central1)
[debug] [2025-06-29T15:45:12.689Z] Checked if tokens are valid: true, expires at: 1751212907002
[debug] [2025-06-29T15:45:12.689Z] Checked if tokens are valid: true, expires at: 1751212907002
[debug] [2025-06-29T15:45:12.689Z] >>> [apiv2][query] GET https://artifactregistry.googleapis.com/v1/projects/se114-e98e7/locations/us-central1/repositories/gcf-artifacts [none]
[debug] [2025-06-29T15:45:13.963Z] <<< [apiv2][status] GET https://artifactregistry.googleapis.com/v1/projects/se114-e98e7/locations/us-central1/repositories/gcf-artifacts 404
[debug] [2025-06-29T15:45:13.963Z] <<< [apiv2][body] GET https://artifactregistry.googleapis.com/v1/projects/se114-e98e7/locations/us-central1/repositories/gcf-artifacts {"error":{"code":404,"message":"Requested entity was not found.","status":"NOT_FOUND"}}
[debug] [2025-06-29T15:45:13.963Z] Failed to check artifact cleanup policy for region us-central1: Request to https://artifactregistry.googleapis.com/v1/projects/se114-e98e7/locations/us-central1/repositories/gcf-artifacts had HTTP Error: 404, Requested entity was not found. {"name":"FirebaseError","children":[],"context":{"body":{"error":{"code":404,"message":"Requested entity was not found.","status":"NOT_FOUND"}},"response":{"statusCode":404}},"exit":1,"message":"Request to https://artifactregistry.googleapis.com/v1/projects/se114-e98e7/locations/us-central1/repositories/gcf-artifacts had HTTP Error: 404, Requested entity was not found.","status":404}
[debug] [2025-06-29T15:45:13.963Z] Functions deploy failed.
[debug] [2025-06-29T15:45:13.963Z] {
  "endpoint": {
    "id": "sendNotificationOnTaskAssignment",
    "project": "se114-e98e7",
    "region": "us-central1",
    "entryPoint": "sendNotificationOnTaskAssignment",
    "platform": "gcfv2",
    "runtime": "nodejs22",
    "eventTrigger": {
      "eventType": "google.cloud.firestore.document.v1.updated",
      "retry": false,
      "eventFilters": {
        "database": "(default)",
        "namespace": "(default)"
      },
      "eventFilterPathPatterns": {
        "document": "Task/{taskId}"
      },
      "region": "asia-southeast1"
    },
    "labels": {
      "deployment-tool": "cli-firebase"
    },
    "serviceAccount": null,
    "ingressSettings": null,
    "availableMemoryMb": null,
    "timeoutSeconds": null,
    "maxInstances": null,
    "minInstances": null,
    "concurrency": 80,
    "vpc": null,
    "environmentVariables": {
      "FIREBASE_CONFIG": "{\"projectId\":\"se114-e98e7\",\"storageBucket\":\"se114-e98e7.firebasestorage.app\"}",
      "GCLOUD_PROJECT": "se114-e98e7",
      "EVENTARC_CLOUD_EVENT_SOURCE": "projects/se114-e98e7/locations/us-central1/services/sendNotificationOnTaskAssignment"
    },
    "codebase": "default",
    "cpu": 1,
    "targetedByOnly": false,
    "hash": "b21d9689cac2b74e5a32b411894189f439f18a3d"
  },
  "op": "create",
  "original": {
    "name": "FirebaseError",
    "children": [],
    "context": {
      "function": "projects/se114-e98e7/locations/us-central1/functions/sendNotificationOnTaskAssignment"
    },
    "exit": 1,
    "message": "Failed to create function projects/se114-e98e7/locations/us-central1/functions/sendNotificationOnTaskAssignment",
    "original": {
      "name": "FirebaseError",
      "children": [],
      "context": {
        "body": {
          "error": {
            "code": 400,
            "message": "Validation failed for trigger projects/se114-e98e7/locations/asia-southeast1/triggers/sendnotificationontaskassignment-898257: Invalid resource state for \"\": Permission denied while using the Eventarc Service Agent. If you recently started to use Eventarc, it may take a few minutes before all necessary permissions are propagated to the Service Agent. Otherwise, verify that it has Eventarc Service Agent role.",
            "status": "FAILED_PRECONDITION"
          }
        },
        "response": {
          "statusCode": 400
        }
      },
      "exit": 1,
      "message": "Request to https://cloudfunctions.googleapis.com/v2/projects/se114-e98e7/locations/us-central1/functions?functionId=sendNotificationOnTaskAssignment had HTTP Error: 400, Validation failed for trigger projects/se114-e98e7/locations/asia-southeast1/triggers/sendnotificationontaskassignment-898257: Invalid resource state for \"\": Permission denied while using the Eventarc Service Agent. If you recently started to use Eventarc, it may take a few minutes before all necessary permissions are propagated to the Service Agent. Otherwise, verify that it has Eventarc Service Agent role.",
      "status": 400
    },
    "status": 400,
    "code": 400
  }
}
[debug] [2025-06-29T15:45:14.037Z] Error: Failed to create function sendNotificationOnTaskAssignment in region us-central1
    at C:\Users\PC\AppData\Roaming\npm\node_modules\firebase-tools\lib\deploy\functions\release\fabricator.js:294:27
    at process.processTicksAndRejections (node:internal/process/task_queues:105:5)
    at async Fabricator.createV2Function (C:\Users\PC\AppData\Roaming\npm\node_modules\firebase-tools\lib\deploy\functions\release\fabricator.js:278:30)
    at async Fabricator.createEndpoint (C:\Users\PC\AppData\Roaming\npm\node_modules\firebase-tools\lib\deploy\functions\release\fabricator.js:137:13)
    at async handle (C:\Users\PC\AppData\Roaming\npm\node_modules\firebase-tools\lib\deploy\functions\release\fabricator.js:89:17)
[error] 
[error] Error: There was an error deploying functions
